<?xml version="1.0" encoding="UTF-8"?>
<!-- Generated by org.testng.reporters.JUnitReportReporter -->
<testsuite skipped="0" hostname="WINDOWS-V854DIC" name="com.leafBot.testcases.CL" tests="2" failures="0" timestamp="13 Jul 2019 10:32:06 GMT" time="90.244" errors="0">
  <testcase name="loginAndLogout" time="70.727" classname="com.leafBot.testcases.CL"/>
  <testcase name="loginAndLogout" time="19.517" classname="com.leafBot.testcases.CL"/>
</testsuite> <!-- com.leafBot.testcases.CL -->
